#
# There is insufficient memory for the Java Runtime Environment to continue.
# Native memory allocation (mmap) failed to map 134217728 bytes for Failed to commit area from 0x0000000080800000 to 0x0000000088800000 of length 134217728.
# Possible reasons:
#   The system is out of physical RAM or swap space
#   The process is running with CompressedOops enabled, and the Java Heap may be blocking the growth of the native heap
# Possible solutions:
#   Reduce memory load on the system
#   Increase physical memory or swap space
#   Check if swap backing store is full
#   Decrease Java heap size (-Xmx/-Xms)
#   Decrease number of Java threads
#   Decrease Java thread stack sizes (-Xss)
#   Set larger code cache with -XX:ReservedCodeCacheSize=
# This output file may be truncated or incomplete.
#
#  Out of Memory Error (./src/hotspot/os/windows/os_windows.cpp:3303), pid=9192, tid=7920
#
# JRE version:  (11.0.7+10) (build )
# Java VM: OpenJDK 64-Bit Server VM (11.0.7+10-b765.53, mixed mode, sharing, tiered, compressed oops, g1 gc, windows-amd64)
# No core dump will be written. Minidumps are not enabled by default on client versions of Windows
#

---------------  S U M M A R Y ------------

Command Line: org.jetbrains.git4idea.http.GitAskPassApp Username for 'https://github.com': 

Host: AMD FX(tm)-6300 Six-Core Processor             , 6 cores, 7G,  Windows 10 , 64 bit Build 18362 (10.0.18362.329)
Time: Sat Jul 11 15:42:14 2020 Aaea?onu (ceia) elapsed time: 0 seconds (0d 0h 0m 0s)

---------------  T H R E A D  ---------------

Current thread (0x000001f96a50c000):  JavaThread "Unknown thread" [_thread_in_vm, id=7920, stack(0x000000e93f400000,0x000000e93f500000)]

Stack: [0x000000e93f400000,0x000000e93f500000]
Native frames: (J=compiled Java code, j=interpreted, Vv=VM code, C=native code)
V  [jvm.dll+0x5dda4a]
V  [jvm.dll+0x711595]
V  [jvm.dll+0x712aed]
V  [jvm.dll+0x7131a3]
V  [jvm.dll+0x23e368]
V  [jvm.dll+0x5daf04]
V  [jvm.dll+0x5d0085]
V  [jvm.dll+0x2fb0cb]
V  [jvm.dll+0x2fb03a]
V  [jvm.dll+0x2faf12]
V  [jvm.dll+0x2ffdf6]
V  [jvm.dll+0x348393]
V  [jvm.dll+0x348a96]
V  [jvm.dll+0x348493]
V  [jvm.dll+0x2d59e8]
V  [jvm.dll+0x2d6b87]
V  [jvm.dll+0x6f04e7]
V  [jvm.dll+0x6f1cdc]
V  [jvm.dll+0x355909]
V  [jvm.dll+0x6d42ae]
V  [jvm.dll+0x3bda13]
V  [jvm.dll+0x3bfc51]
C  [jli.dll+0x5363]
C  [ucrtbase.dll+0x20e72]
C  [KERNEL32.DLL+0x17bd4]
C  [ntdll.dll+0x6ced1]


---------------  P R O C E S S  ---------------

Threads class SMR info:
_java_thread_list=0x000001f9682782b0, length=0, elements={
}

Java Threads: ( => current thread )

Other Threads:
  0x000001f96a524800 GCTaskThread "GC Thread#0" [stack: 0x000000e93f500000,0x000000e93f600000] [id=9208]
  0x000001f96a556800 ConcurrentGCThread "G1 Main Marker" [stack: 0x000000e93f600000,0x000000e93f700000] [id=9016]
  0x000001f96a558000 ConcurrentGCThread "G1 Conc#0" [stack: 0x000000e93f700000,0x000000e93f800000] [id=9164]

[error occurred during error reporting (printing all threads), id 0xc0000005, EXCEPTION_ACCESS_VIOLATION (0xc0000005) at pc=0x00007ffd10af5fc7]

VM state:not at safepoint (not fully initialized)

VM Mutex/Monitor currently owned by a thread:  ([mutex/lock_event])
[0x000001f96a5096b0] Heap_lock - owner thread: 0x000001f96a50c000

Heap address: 0x0000000080800000, size: 2040 MB, Compressed Oops mode: Non-zero based: 0x0000000080800000
Narrow klass base: 0x0000000000000000, Narrow klass shift: 0

GC Heap History (0 events):
No events

Deoptimization events (0 events):
No events

Classes redefined (0 events):
No events

Internal exceptions (0 events):
No events

Events (2 events):
Event: 0.005 Loaded shared library F:\Program Files (x86)\IntelliJ IDEA Community Edition 2020.1.2\jbr\bin\zip.dll
Event: 0.005 Loaded shared library F:\Program Files (x86)\IntelliJ IDEA Community Edition 2020.1.2\jbr\bin\jimage.dll


Dynamic libraries:
0x00007ff62ea20000 - 0x00007ff62ea2a000 	F:\Program Files (x86)\IntelliJ IDEA Community Edition 2020.1.2\jbr\bin\java.exe
0x00007ffd38c00000 - 0x00007ffd38df0000 	C:\Windows\SYSTEM32\ntdll.dll
0x00007ffd380a0000 - 0x00007ffd38152000 	C:\Windows\System32\KERNEL32.DLL
0x00007ffd35b90000 - 0x00007ffd35e33000 	C:\Windows\System32\KERNELBASE.dll
0x00007ffd36a90000 - 0x00007ffd36b8a000 	C:\Windows\System32\ucrtbase.dll
0x00007ffd2c760000 - 0x00007ffd2c779000 	F:\Program Files (x86)\IntelliJ IDEA Community Edition 2020.1.2\jbr\bin\jli.dll
0x00007ffd2c740000 - 0x00007ffd2c757000 	F:\Program Files (x86)\IntelliJ IDEA Community Edition 2020.1.2\jbr\bin\VCRUNTIME140.dll
0x00007ffd370c0000 - 0x00007ffd37254000 	C:\Windows\System32\USER32.dll
0x00007ffd24d70000 - 0x00007ffd24ff5000 	C:\Windows\WinSxS\amd64_microsoft.windows.common-controls_6595b64144ccf1df_6.0.18362.628_none_e6c6b62f130d50fc\COMCTL32.dll
0x00007ffd369d0000 - 0x00007ffd369f1000 	C:\Windows\System32\win32u.dll
0x00007ffd38710000 - 0x00007ffd38736000 	C:\Windows\System32\GDI32.dll
0x00007ffd38160000 - 0x00007ffd381fe000 	C:\Windows\System32\msvcrt.dll
0x00007ffd36760000 - 0x00007ffd368f4000 	C:\Windows\System32\gdi32full.dll
0x00007ffd38880000 - 0x00007ffd38bb6000 	C:\Windows\System32\combase.dll
0x00007ffd36b90000 - 0x00007ffd36c2e000 	C:\Windows\System32\msvcp_win.dll
0x00007ffd36f30000 - 0x00007ffd37050000 	C:\Windows\System32\RPCRT4.dll
0x00007ffd36c30000 - 0x00007ffd36cb0000 	C:\Windows\System32\bcryptPrimitives.dll
0x00007ffd36f00000 - 0x00007ffd36f2e000 	C:\Windows\System32\IMM32.DLL
0x00007ffd2c6a0000 - 0x00007ffd2c73d000 	F:\Program Files (x86)\IntelliJ IDEA Community Edition 2020.1.2\jbr\bin\msvcp140.dll
0x00007ffd10810000 - 0x00007ffd112cb000 	F:\Program Files (x86)\IntelliJ IDEA Community Edition 2020.1.2\jbr\bin\server\jvm.dll
0x00007ffd37a50000 - 0x00007ffd37af3000 	C:\Windows\System32\ADVAPI32.dll
0x00007ffd38200000 - 0x00007ffd38297000 	C:\Windows\System32\sechost.dll
0x00007ffd38870000 - 0x00007ffd38878000 	C:\Windows\System32\PSAPI.DLL
0x00007ffd1d140000 - 0x00007ffd1d149000 	C:\Windows\SYSTEM32\WSOCK32.dll
0x00007ffd33bf0000 - 0x00007ffd33c14000 	C:\Windows\SYSTEM32\WINMM.dll
0x00007ffd30be0000 - 0x00007ffd30bea000 	C:\Windows\SYSTEM32\VERSION.dll
0x00007ffd36e90000 - 0x00007ffd36eff000 	C:\Windows\System32\WS2_32.dll
0x00007ffd33c60000 - 0x00007ffd33c8d000 	C:\Windows\SYSTEM32\WINMMBASE.dll
0x00007ffd36710000 - 0x00007ffd3675a000 	C:\Windows\System32\cfgmgr32.dll
0x00007ffd35ae0000 - 0x00007ffd35af1000 	C:\Windows\System32\kernel.appcore.dll
0x00007ffd319f0000 - 0x00007ffd31a01000 	F:\Program Files (x86)\IntelliJ IDEA Community Edition 2020.1.2\jbr\bin\verify.dll
0x00007ffd25820000 - 0x00007ffd25a14000 	C:\Windows\SYSTEM32\DBGHELP.DLL
0x00007ffd252e0000 - 0x00007ffd2530a000 	C:\Windows\SYSTEM32\dbgcore.DLL
0x00007ffd2e2e0000 - 0x00007ffd2e309000 	F:\Program Files (x86)\IntelliJ IDEA Community Edition 2020.1.2\jbr\bin\java.dll
0x00007ffd2e230000 - 0x00007ffd2e248000 	F:\Program Files (x86)\IntelliJ IDEA Community Edition 2020.1.2\jbr\bin\zip.dll
0x00007ffd319e0000 - 0x00007ffd319eb000 	F:\Program Files (x86)\IntelliJ IDEA Community Edition 2020.1.2\jbr\bin\jimage.dll

dbghelp: loaded successfully - version: 4.0.5 - missing functions: none
symbol engine: initialized successfully - sym options: 0x614 - pdb path: .;F:\Program Files (x86)\IntelliJ IDEA Community Edition 2020.1.2\jbr\bin;C:\Windows\SYSTEM32;C:\Windows\WinSxS\amd64_microsoft.windows.common-controls_6595b64144ccf1df_6.0.18362.628_none_e6c6b62f130d50fc;F:\Program Files (x86)\IntelliJ IDEA Community Edition 2020.1.2\jbr\bin\server

VM Arguments:
java_command: org.jetbrains.git4idea.http.GitAskPassApp Username for 'https://github.com': 
java_class_path (initial): F:/Program Files (x86)/IntelliJ IDEA Community Edition 2020.1.2/plugins/git4idea/lib/git4idea-rt.jar;F:/Program Files (x86)/IntelliJ IDEA Community Edition 2020.1.2/lib/xmlrpc-2.0.1.jar;F:/Program Files (x86)/IntelliJ IDEA Community Edition 2020.1.2/lib/commons-codec-1.14.jar;F:/Program Files (x86)/IntelliJ IDEA Community Edition 2020.1.2/lib/util.jar
Launcher Type: SUN_STANDARD

[Global flags]
     intx CICompilerCount                          = 3                                         {product} {ergonomic}
     uint ConcGCThreads                            = 2                                         {product} {ergonomic}
     uint G1ConcRefinementThreads                  = 6                                         {product} {ergonomic}
   size_t G1HeapRegionSize                         = 1048576                                   {product} {ergonomic}
    uintx GCDrainStackTargetSize                   = 64                                        {product} {ergonomic}
   size_t InitialHeapSize                          = 134217728                                 {product} {ergonomic}
   size_t MarkStackSize                            = 4194304                                   {product} {ergonomic}
   size_t MaxHeapSize                              = 2139095040                                {product} {ergonomic}
   size_t MinHeapDeltaBytes                        = 1048576                                   {product} {ergonomic}
    uintx NonNMethodCodeHeapSize                   = 5830732                                {pd product} {ergonomic}
    uintx NonProfiledCodeHeapSize                  = 122913754                              {pd product} {ergonomic}
    uintx ProfiledCodeHeapSize                     = 122913754                              {pd product} {ergonomic}
    uintx ReservedCodeCacheSize                    = 251658240                              {pd product} {ergonomic}
     bool SegmentedCodeCache                       = true                                      {product} {ergonomic}
     bool UseCompressedClassPointers               = true                                 {lp64_product} {ergonomic}
     bool UseCompressedOops                        = true                                 {lp64_product} {ergonomic}
     bool UseG1GC                                  = true                                      {product} {ergonomic}
     bool UseLargePagesIndividualAllocation        = false                                  {pd product} {ergonomic}

Logging:
Log output configuration:
 #0: stdout all=warning uptime,level,tags
 #1: stderr all=off uptime,level,tags

Environment Variables:
PATH=F:\Program Files (x86)\Git\mingw64\libexec\git-core;F:\Program Files (x86)\Git\mingw64\libexec\git-core;F:\Program Files (x86)\Git\mingw64\bin;F:\Program Files (x86)\Git\usr\bin;C:\Users\Павел\bin;C:\Program Files (x86)\Common Files\Oracle\Java\javapath;C:\Windows\system32;C:\Windows;C:\Windows\System32\Wbem;C:\Windows\System32\WindowsPowerShell\v1.0;C:\Program Files (x86)\NVIDIA Corporation\PhysX\Common;C:\Users\Павел\AppData\Local\Microsoft\WindowsApps
USERNAME=Павел
DISPLAY=:0.0
OS=Windows_NT
PROCESSOR_IDENTIFIER=AMD64 Family 21 Model 2 Stepping 0, AuthenticAMD



---------------  S Y S T E M  ---------------

OS: Windows 10 , 64 bit Build 18362 (10.0.18362.329)
OS uptime: 0 days 4:43 hours

CPU:total 6 (initial active 6) (6 cores per cpu, 1 threads per core) family 21 model 2 stepping 0, cmov, cx8, fxsr, mmx, sse, sse2, sse3, ssse3, sse4.1, sse4.2, popcnt, avx, aes, clmul, mmxext, 3dnowpref, lzcnt, sse4a, tsc, tscinvbit, tscinv, bmi1, fma

Memory: 4k page, system-wide physical 8155M (1126M free)
TotalPageFile size 8155M (AvailPageFile size 107M)
current process WorkingSet (physical memory assigned to process): 9M, peak: 9M
current process commit charge ("private bytes"): 56M, peak: 183M

vm_info: OpenJDK 64-Bit Server VM (11.0.7+10-b765.53) for windows-amd64 JRE (11.0.7+10-b765.53), built on May 12 2020 04:38:25 by "" with MS VC++ 14.0 (VS2015)

END.
