#
# There is insufficient memory for the Java Runtime Environment to continue.
# Native memory allocation (malloc) failed to allocate 858576 bytes for Chunk::new
# Possible reasons:
#   The system is out of physical RAM or swap space
#   The process is running with CompressedOops enabled, and the Java Heap may be blocking the growth of the native heap
# Possible solutions:
#   Reduce memory load on the system
#   Increase physical memory or swap space
#   Check if swap backing store is full
#   Decrease Java heap size (-Xmx/-Xms)
#   Decrease number of Java threads
#   Decrease Java thread stack sizes (-Xss)
#   Set larger code cache with -XX:ReservedCodeCacheSize=
#   JVM is running with Unscaled Compressed Oops mode in which the Java heap is
#     placed in the first 4GB address space. The Java Heap base address is the
#     maximum limit for the native heap growth. Please use -XX:HeapBaseMinAddress
#     to set the Java Heap base and to place the Java Heap above 4GB virtual address.
# This output file may be truncated or incomplete.
#
#  Out of Memory Error (allocation.cpp:389), pid=7492, tid=0x0000000000001e58
#
# JRE version: OpenJDK Runtime Environment (Zulu 8.46.0.19-CA-win64) (8.0_252-b14) (build 1.8.0_252-b14)
# Java VM: OpenJDK 64-Bit Server VM (25.252-b14 mixed mode windows-amd64 compressed oops)
# Failed to write core dump. Minidumps are not enabled by default on client versions of Windows
#

---------------  T H R E A D  ---------------

Current thread (0x00000000195ed000):  JavaThread "C2 CompilerThread1" daemon [_thread_in_native, id=7768, stack(0x0000000019ad0000,0x0000000019bd0000)]

Stack: [0x0000000019ad0000,0x0000000019bd0000]
[error occurred during error reporting (printing stack bounds), id 0xc0000005]

Native frames: (J=compiled Java code, j=interpreted, Vv=VM code, C=native code)


Current CompileTask:
C2:  18098 3104       4       org.springframework.beans.factory.support.AbstractBeanFactory::isTypeMatch (607 bytes)


---------------  P R O C E S S  ---------------

Java Threads: ( => current thread )
  0x000000001d6b1000 JavaThread "DestroyJavaVM" [_thread_blocked, id=10196, stack(0x0000000002660000,0x0000000002760000)]
  0x000000001d6ae800 JavaThread "http-nio-8080-Acceptor" daemon [_thread_in_native, id=832, stack(0x000000001f300000,0x000000001f400000)]
  0x000000001d6b4000 JavaThread "http-nio-8080-ClientPoller" daemon [_thread_in_native, id=8688, stack(0x000000001f200000,0x000000001f300000)]
  0x000000001d6b5800 JavaThread "http-nio-8080-exec-10" daemon [_thread_blocked, id=5712, stack(0x000000001f100000,0x000000001f200000)]
  0x000000001d6b5000 JavaThread "http-nio-8080-exec-9" daemon [_thread_blocked, id=10156, stack(0x000000001f000000,0x000000001f100000)]
  0x000000001cd76000 JavaThread "http-nio-8080-exec-8" daemon [_thread_blocked, id=3780, stack(0x000000001ef00000,0x000000001f000000)]
  0x000000001cd78800 JavaThread "http-nio-8080-exec-7" daemon [_thread_blocked, id=2264, stack(0x000000001ee00000,0x000000001ef00000)]
  0x000000001cd75000 JavaThread "http-nio-8080-exec-6" daemon [_thread_blocked, id=2000, stack(0x000000001ed00000,0x000000001ee00000)]
  0x000000001cd74800 JavaThread "http-nio-8080-exec-5" daemon [_thread_blocked, id=2532, stack(0x000000001ec00000,0x000000001ed00000)]
  0x000000001cd77800 JavaThread "http-nio-8080-exec-4" daemon [_thread_blocked, id=9784, stack(0x000000001eb00000,0x000000001ec00000)]
  0x000000001cd73800 JavaThread "http-nio-8080-exec-3" daemon [_thread_blocked, id=8244, stack(0x000000001e900000,0x000000001ea00000)]
  0x000000001cd73000 JavaThread "http-nio-8080-exec-2" daemon [_thread_blocked, id=1728, stack(0x000000001e800000,0x000000001e900000)]
  0x000000001cd7a000 JavaThread "http-nio-8080-exec-1" daemon [_thread_blocked, id=7600, stack(0x000000001e700000,0x000000001e800000)]
  0x000000001cd79000 JavaThread "http-nio-8080-BlockPoller" daemon [_thread_in_native, id=3752, stack(0x000000001e500000,0x000000001e600000)]
  0x000000001cd77000 JavaThread "Live Reload Server" daemon [_thread_in_native, id=8144, stack(0x000000001e600000,0x000000001e700000)]
  0x000000001cccf800 JavaThread "File Watcher" daemon [_thread_blocked, id=5168, stack(0x000000001e400000,0x000000001e500000)]
  0x000000001d202000 JavaThread "container-0" [_thread_blocked, id=3884, stack(0x000000001e100000,0x000000001e200000)]
  0x000000001d6d6800 JavaThread "Catalina-utility-2" [_thread_blocked, id=7576, stack(0x000000001e000000,0x000000001e100000)]
  0x000000001ccf3000 JavaThread "Catalina-utility-1" [_thread_blocked, id=9544, stack(0x000000001aa20000,0x000000001ab20000)]
  0x000000001967a000 JavaThread "Service Thread" daemon [_thread_blocked, id=9260, stack(0x0000000019cd0000,0x0000000019dd0000)]
  0x00000000195ee000 JavaThread "C1 CompilerThread2" daemon [_thread_blocked, id=4308, stack(0x0000000019bd0000,0x0000000019cd0000)]
=>0x00000000195ed000 JavaThread "C2 CompilerThread1" daemon [_thread_in_native, id=7768, stack(0x0000000019ad0000,0x0000000019bd0000)]
  0x00000000195ea800 JavaThread "C2 CompilerThread0" daemon [_thread_blocked, id=4452, stack(0x00000000199d0000,0x0000000019ad0000)]
  0x00000000195e7800 JavaThread "Monitor Ctrl-Break" daemon [_thread_in_native, id=1172, stack(0x00000000198d0000,0x00000000199d0000)]
  0x000000001786f000 JavaThread "Attach Listener" daemon [_thread_blocked, id=4536, stack(0x00000000193d0000,0x00000000194d0000)]
  0x000000001786e000 JavaThread "Signal Dispatcher" daemon [_thread_blocked, id=3152, stack(0x00000000192d0000,0x00000000193d0000)]
  0x000000001784c800 JavaThread "Finalizer" daemon [_thread_blocked, id=6524, stack(0x00000000190d0000,0x00000000191d0000)]
  0x0000000002a49000 JavaThread "Reference Handler" daemon [_thread_blocked, id=7824, stack(0x0000000018fd0000,0x00000000190d0000)]

Other Threads:
  0x0000000017827000 VMThread [stack: 0x0000000018ed0000,0x0000000018fd0000] [id=6240]
  0x000000001967d000 WatcherThread [stack: 0x0000000019dd0000,0x0000000019ed0000] [id=192]

VM state:not at safepoint (normal execution)

VM Mutex/Monitor currently owned by a thread: None

heap address: 0x0000000080800000, size: 2040 MB, Compressed Oops mode: 32-bit
Narrow klass base: 0x0000000000000000, Narrow klass shift: 3
Compressed class space size: 1073741824 Address: 0x0000000100000000

Heap:
 PSYoungGen      total 138240K, used 31994K [0x00000000d5800000, 0x00000000e5200000, 0x0000000100000000)
  eden space 133120K, 20% used [0x00000000d5800000,0x00000000d7246920,0x00000000dda00000)
  from space 5120K, 99% used [0x00000000dda00000,0x00000000ddef8020,0x00000000ddf00000)
  to   space 14848K, 0% used [0x00000000e4380000,0x00000000e4380000,0x00000000e5200000)
 ParOldGen       total 52736K, used 13102K [0x0000000080800000, 0x0000000083b80000, 0x00000000d5800000)
  object space 52736K, 24% used [0x0000000080800000,0x00000000814cbb30,0x0000000083b80000)
 Metaspace       used 32577K, capacity 34362K, committed 34560K, reserved 1079296K
  class space    used 4227K, capacity 4562K, committed 4608K, reserved 1048576K

Card table byte_map: [0x0000000011e10000,0x0000000012210000] byte_map_base: 0x0000000011a0c000

Marking Bits: (ParMarkBitMap*) 0x000000005759a9c0
 Begin Bits: [0x0000000012ac0000, 0x0000000014aa0000)
 End Bits:   [0x0000000014aa0000, 0x0000000016a80000)

Polling page: 0x00000000008f0000

CodeCache: size=245760Kb used=10677Kb max_used=10689Kb free=235082Kb
 bounds [0x0000000002a50000, 0x00000000034d0000, 0x0000000011a50000]
 total_blobs=3563 nmethods=3145 adapters=330
 compilation: enabled

Compilation events (10 events):
Event: 18.028 Thread 0x00000000195ee000 nmethod 3142 0x00000000034c0fd0 code [0x00000000034c1120, 0x00000000034c1290]
Event: 18.028 Thread 0x00000000195ee000 3143       1       org.apache.tomcat.util.http.MimeHeaderField::getName (5 bytes)
Event: 18.028 Thread 0x00000000195ee000 nmethod 3143 0x00000000034c0d10 code [0x00000000034c0e60, 0x00000000034c0f70]
Event: 18.030 Thread 0x00000000195ee000 3144       3       java.nio.charset.CharsetEncoder::onMalformedInput (26 bytes)
Event: 18.030 Thread 0x00000000195ee000 nmethod 3144 0x00000000034c0750 code [0x00000000034c08c0, 0x00000000034c0c08]
Event: 18.030 Thread 0x00000000195ee000 3145       3       java.nio.charset.CharsetEncoder::implOnMalformedInput (1 bytes)
Event: 18.030 Thread 0x00000000195ee000 nmethod 3145 0x00000000034c0450 code [0x00000000034c05a0, 0x00000000034c06f0]
Event: 18.030 Thread 0x00000000195ee000 3146       3       java.nio.charset.CharsetEncoder::onUnmappableCharacter (26 bytes)
Event: 18.030 Thread 0x00000000195ee000 nmethod 3146 0x00000000034bfe90 code [0x00000000034c0000, 0x00000000034c0348]
Event: 18.032 Thread 0x00000000195ea800 nmethod 3141 0x00000000034c5190 code [0x00000000034c5320, 0x00000000034c5738]

GC Heap History (10 events):
Event: 1.062 GC heap before
{Heap before GC invocations=2 (full 0):
 PSYoungGen      total 38400K, used 37564K [0x00000000d5800000, 0x00000000da300000, 0x0000000100000000)
  eden space 33280K, 100% used [0x00000000d5800000,0x00000000d7880000,0x00000000d7880000)
  from space 5120K, 83% used [0x00000000d7880000,0x00000000d7caf1e0,0x00000000d7d80000)
  to   space 5120K, 0% used [0x00000000d9e00000,0x00000000d9e00000,0x00000000da300000)
 ParOldGen       total 87552K, used 16K [0x0000000080800000, 0x0000000085d80000, 0x00000000d5800000)
  object space 87552K, 0% used [0x0000000080800000,0x0000000080804000,0x0000000085d80000)
 Metaspace       used 12833K, capacity 13260K, committed 13568K, reserved 1060864K
  class space    used 1577K, capacity 1713K, committed 1792K, reserved 1048576K
Event: 1.070 GC heap after
Heap after GC invocations=2 (full 0):
 PSYoungGen      total 71680K, used 5089K [0x00000000d5800000, 0x00000000da300000, 0x0000000100000000)
  eden space 66560K, 0% used [0x00000000d5800000,0x00000000d5800000,0x00000000d9900000)
  from space 5120K, 99% used [0x00000000d9e00000,0x00000000da2f8730,0x00000000da300000)
  to   space 5120K, 0% used [0x00000000d9900000,0x00000000d9900000,0x00000000d9e00000)
 ParOldGen       total 87552K, used 226K [0x0000000080800000, 0x0000000085d80000, 0x00000000d5800000)
  object space 87552K, 0% used [0x0000000080800000,0x0000000080838ad0,0x0000000085d80000)
 Metaspace       used 12833K, capacity 13260K, committed 13568K, reserved 1060864K
  class space    used 1577K, capacity 1713K, committed 1792K, reserved 1048576K
}
Event: 1.553 GC heap before
{Heap before GC invocations=3 (full 0):
 PSYoungGen      total 71680K, used 71649K [0x00000000d5800000, 0x00000000da300000, 0x0000000100000000)
  eden space 66560K, 100% used [0x00000000d5800000,0x00000000d9900000,0x00000000d9900000)
  from space 5120K, 99% used [0x00000000d9e00000,0x00000000da2f8730,0x00000000da300000)
  to   space 5120K, 0% used [0x00000000d9900000,0x00000000d9900000,0x00000000d9e00000)
 ParOldGen       total 87552K, used 226K [0x0000000080800000, 0x0000000085d80000, 0x00000000d5800000)
  object space 87552K, 0% used [0x0000000080800000,0x0000000080838ad0,0x0000000085d80000)
 Metaspace       used 20342K, capacity 20988K, committed 21248K, reserved 1067008K
  class space    used 2583K, capacity 2737K, committed 2816K, reserved 1048576K
Event: 1.568 GC heap after
Heap after GC invocations=3 (full 0):
 PSYoungGen      total 71680K, used 5095K [0x00000000d5800000, 0x00000000de400000, 0x0000000100000000)
  eden space 66560K, 0% used [0x00000000d5800000,0x00000000d5800000,0x00000000d9900000)
  from space 5120K, 99% used [0x00000000d9900000,0x00000000d9df9f20,0x00000000d9e00000)
  to   space 5120K, 0% used [0x00000000ddf00000,0x00000000ddf00000,0x00000000de400000)
 ParOldGen       total 87552K, used 6052K [0x0000000080800000, 0x0000000085d80000, 0x00000000d5800000)
  object space 87552K, 6% used [0x0000000080800000,0x0000000080de9098,0x0000000085d80000)
 Metaspace       used 20342K, capacity 20988K, committed 21248K, reserved 1067008K
  class space    used 2583K, capacity 2737K, committed 2816K, reserved 1048576K
}
Event: 1.602 GC heap before
{Heap before GC invocations=4 (full 0):
 PSYoungGen      total 71680K, used 8759K [0x00000000d5800000, 0x00000000de400000, 0x0000000100000000)
  eden space 66560K, 5% used [0x00000000d5800000,0x00000000d5b93d50,0x00000000d9900000)
  from space 5120K, 99% used [0x00000000d9900000,0x00000000d9df9f20,0x00000000d9e00000)
  to   space 5120K, 0% used [0x00000000ddf00000,0x00000000ddf00000,0x00000000de400000)
 ParOldGen       total 87552K, used 6052K [0x0000000080800000, 0x0000000085d80000, 0x00000000d5800000)
  object space 87552K, 6% used [0x0000000080800000,0x0000000080de9098,0x0000000085d80000)
 Metaspace       used 20567K, capacity 21166K, committed 21248K, reserved 1067008K
  class space    used 2623K, capacity 2772K, committed 2816K, reserved 1048576K
Event: 1.613 GC heap after
Heap after GC invocations=4 (full 0):
 PSYoungGen      total 138240K, used 4896K [0x00000000d5800000, 0x00000000de400000, 0x0000000100000000)
  eden space 133120K, 0% used [0x00000000d5800000,0x00000000d5800000,0x00000000dda00000)
  from space 5120K, 95% used [0x00000000ddf00000,0x00000000de3c8000,0x00000000de400000)
  to   space 5120K, 0% used [0x00000000dda00000,0x00000000dda00000,0x00000000ddf00000)
 ParOldGen       total 87552K, used 6060K [0x0000000080800000, 0x0000000085d80000, 0x00000000d5800000)
  object space 87552K, 6% used [0x0000000080800000,0x0000000080deb098,0x0000000085d80000)
 Metaspace       used 20567K, capacity 21166K, committed 21248K, reserved 1067008K
  class space    used 2623K, capacity 2772K, committed 2816K, reserved 1048576K
}
Event: 1.613 GC heap before
{Heap before GC invocations=5 (full 1):
 PSYoungGen      total 138240K, used 4896K [0x00000000d5800000, 0x00000000de400000, 0x0000000100000000)
  eden space 133120K, 0% used [0x00000000d5800000,0x00000000d5800000,0x00000000dda00000)
  from space 5120K, 95% used [0x00000000ddf00000,0x00000000de3c8000,0x00000000de400000)
  to   space 5120K, 0% used [0x00000000dda00000,0x00000000dda00000,0x00000000ddf00000)
 ParOldGen       total 87552K, used 6060K [0x0000000080800000, 0x0000000085d80000, 0x00000000d5800000)
  object space 87552K, 6% used [0x0000000080800000,0x0000000080deb098,0x0000000085d80000)
 Metaspace       used 20567K, capacity 21166K, committed 21248K, reserved 1067008K
  class space    used 2623K, capacity 2772K, committed 2816K, reserved 1048576K
Event: 1.654 GC heap after
Heap after GC invocations=5 (full 1):
 PSYoungGen      total 138240K, used 0K [0x00000000d5800000, 0x00000000de400000, 0x0000000100000000)
  eden space 133120K, 0% used [0x00000000d5800000,0x00000000d5800000,0x00000000dda00000)
  from space 5120K, 0% used [0x00000000ddf00000,0x00000000ddf00000,0x00000000de400000)
  to   space 5120K, 0% used [0x00000000dda00000,0x00000000dda00000,0x00000000ddf00000)
 ParOldGen       total 52736K, used 4749K [0x0000000080800000, 0x0000000083b80000, 0x00000000d5800000)
  object space 52736K, 9% used [0x0000000080800000,0x0000000080ca3790,0x0000000083b80000)
 Metaspace       used 20565K, capacity 21160K, committed 21248K, reserved 1067008K
  class space    used 2622K, capacity 2771K, committed 2816K, reserved 1048576K
}
Event: 3.711 GC heap before
{Heap before GC invocations=6 (full 1):
 PSYoungGen      total 138240K, used 133120K [0x00000000d5800000, 0x00000000de400000, 0x0000000100000000)
  eden space 133120K, 100% used [0x00000000d5800000,0x00000000dda00000,0x00000000dda00000)
  from space 5120K, 0% used [0x00000000ddf00000,0x00000000ddf00000,0x00000000de400000)
  to   space 5120K, 0% used [0x00000000dda00000,0x00000000dda00000,0x00000000ddf00000)
 ParOldGen       total 52736K, used 4749K [0x0000000080800000, 0x0000000083b80000, 0x00000000d5800000)
  object space 52736K, 9% used [0x0000000080800000,0x0000000080ca3790,0x0000000083b80000)
 Metaspace       used 30348K, capacity 31962K, committed 32256K, reserved 1077248K
  class space    used 3926K, capacity 4236K, committed 4352K, reserved 1048576K
Event: 3.727 GC heap after
Heap after GC invocations=6 (full 1):
 PSYoungGen      total 138240K, used 5088K [0x00000000d5800000, 0x00000000e5200000, 0x0000000100000000)
  eden space 133120K, 0% used [0x00000000d5800000,0x00000000d5800000,0x00000000dda00000)
  from space 5120K, 99% used [0x00000000dda00000,0x00000000ddef8020,0x00000000ddf00000)
  to   space 14848K, 0% used [0x00000000e4380000,0x00000000e4380000,0x00000000e5200000)
 ParOldGen       total 52736K, used 13102K [0x0000000080800000, 0x0000000083b80000, 0x00000000d5800000)
  object space 52736K, 24% used [0x0000000080800000,0x00000000814cbb30,0x0000000083b80000)
 Metaspace       used 30348K, capacity 31962K, committed 32256K, reserved 1077248K
  class space    used 3926K, capacity 4236K, committed 4352K, reserved 1048576K
}

Deoptimization events (10 events):
Event: 3.495 Thread 0x000000001a2fe000 Uncommon trap: reason=unstable_if action=reinterpret pc=0x00000000032880f0 method=java.lang.reflect.Method.equals(Ljava/lang/Object;)Z @ 1
Event: 3.543 Thread 0x000000001a2fe000 Uncommon trap: reason=unstable_if action=reinterpret pc=0x00000000031dccf8 method=org.springframework.beans.factory.support.AbstractBeanFactory.isTypeMatch(Ljava/lang/String;Lorg/springframework/core/ResolvableType;Z)Z @ 559
Event: 3.764 Thread 0x000000001a2fe000 Uncommon trap: reason=unstable_if action=reinterpret pc=0x00000000033ef858 method=org.springframework.beans.factory.support.DefaultSingletonBeanRegistry.getSingleton(Ljava/lang/String;Z)Ljava/lang/Object; @ 47
Event: 3.827 Thread 0x000000001a2fe000 Uncommon trap: reason=unstable_if action=reinterpret pc=0x0000000003438494 method=org.springframework.core.annotation.AnnotationsScanner.isWithoutHierarchy(Ljava/lang/reflect/AnnotatedElement;Lorg/springframework/core/annotation/MergedAnnotations$SearchSt
Event: 3.844 Thread 0x000000001a2fe000 Uncommon trap: reason=unstable_if action=reinterpret pc=0x0000000003332fd8 method=org.springframework.util.ConcurrentReferenceHashMap$Segment.clear()V @ 7
Event: 4.828 Thread 0x000000001cccf800 Uncommon trap: reason=bimorphic action=maybe_recompile pc=0x0000000003419974 method=java.util.AbstractCollection.containsAll(Ljava/util/Collection;)Z @ 25
Event: 4.828 Thread 0x000000001cccf800 Uncommon trap: reason=bimorphic action=maybe_recompile pc=0x0000000003419974 method=java.util.AbstractCollection.containsAll(Ljava/util/Collection;)Z @ 25
Event: 5.832 Thread 0x000000001cccf800 Uncommon trap: reason=bimorphic action=maybe_recompile pc=0x0000000003419974 method=java.util.AbstractCollection.containsAll(Ljava/util/Collection;)Z @ 25
Event: 5.832 Thread 0x000000001cccf800 Uncommon trap: reason=bimorphic action=maybe_recompile pc=0x0000000003419974 method=java.util.AbstractCollection.containsAll(Ljava/util/Collection;)Z @ 25
Event: 18.016 Thread 0x000000001cd7a000 Uncommon trap: reason=unstable_if action=reinterpret pc=0x0000000002d8287c method=java.lang.CharacterDataLatin1.isWhitespace(I)Z @ 14

Classes redefined (0 events):
No events

Internal exceptions (10 events):
Event: 3.492 Thread 0x000000001a2fe000 Exception <a 'java/lang/ClassNotFoundException': org/springframework/boot/autoconfigure/web/servlet/WebMvcAutoConfiguration$EnableWebMvcConfigurationCustomizer> (0x00000000dcbc9ca0) thrown at [C:\jenkins\workspace\zulu8-silver-build-win64\zulu-src\hotspot
Event: 3.493 Thread 0x000000001a2fe000 Exception <a 'java/lang/ClassNotFoundException': org/springframework/context/ResourceLoaderAwareCustomizer> (0x00000000dcbeb500) thrown at [C:\jenkins\workspace\zulu8-silver-build-win64\zulu-src\hotspot\src\share\vm\classfile\systemDictionary.cpp, line 21
Event: 3.493 Thread 0x000000001a2fe000 Exception <a 'java/lang/ClassNotFoundException': org/springframework/beans/factory/AwareCustomizer> (0x00000000dcbfb2c0) thrown at [C:\jenkins\workspace\zulu8-silver-build-win64\zulu-src\hotspot\src\share\vm\classfile\systemDictionary.cpp, line 215]
Event: 3.494 Thread 0x000000001a2fe000 Exception <a 'java/lang/ClassNotFoundException': org/springframework/context/ApplicationContextAwareCustomizer> (0x00000000dcc0c420) thrown at [C:\jenkins\workspace\zulu8-silver-build-win64\zulu-src\hotspot\src\share\vm\classfile\systemDictionary.cpp, lin
Event: 3.494 Thread 0x000000001a2fe000 Exception <a 'java/lang/ClassNotFoundException': org/springframework/beans/factory/AwareCustomizer> (0x00000000dcc1c7f8) thrown at [C:\jenkins\workspace\zulu8-silver-build-win64\zulu-src\hotspot\src\share\vm\classfile\systemDictionary.cpp, line 215]
Event: 3.494 Thread 0x000000001a2fe000 Exception <a 'java/lang/ClassNotFoundException': org/springframework/web/context/ServletContextAwareCustomizer> (0x00000000dcc2d8e8) thrown at [C:\jenkins\workspace\zulu8-silver-build-win64\zulu-src\hotspot\src\share\vm\classfile\systemDictionary.cpp, lin
Event: 3.495 Thread 0x000000001a2fe000 Exception <a 'java/lang/ClassNotFoundException': org/springframework/beans/factory/AwareCustomizer> (0x00000000dcc3d730) thrown at [C:\jenkins\workspace\zulu8-silver-build-win64\zulu-src\hotspot\src\share\vm\classfile\systemDictionary.cpp, line 215]
Event: 3.495 Thread 0x000000001a2fe000 Implicit null exception at 0x000000000328800c to 0x00000000032880dd
Event: 3.729 Thread 0x000000001a2fe000 Exception <a 'java/lang/IncompatibleClassChangeError': Found class java.lang.Object, but interface was expected> (0x00000000d5807f30) thrown at [C:\jenkins\workspace\zulu8-silver-build-win64\zulu-src\hotspot\src\share\vm\interpreter\linkResolver.cpp, line
Event: 18.007 Thread 0x000000001cd7a000 Exception <a 'java/lang/NoSuchMethodError': java.lang.Object.lambda$thenComparing$36697e65$1(Ljava/util/Comparator;Ljava/lang/Object;Ljava/lang/Object;)I> (0x00000000d714ec78) thrown at [C:\jenkins\workspace\zulu8-silver-build-win64\zulu-src\hotspot\src\s

Events (10 events):
Event: 18.028 loading class org/apache/coyote/http11/Constants
Event: 18.028 loading class org/apache/coyote/http11/Constants done
Event: 18.028 loading class java/nio/StringCharBuffer
Event: 18.029 loading class java/nio/StringCharBuffer done
Event: 18.029 Executing VM operation: Deoptimize
Event: 18.029 Executing VM operation: Deoptimize done
Event: 18.030 loading class org/apache/tomcat/util/net/NioBlockingSelector$KeyReference
Event: 18.030 loading class org/apache/tomcat/util/net/NioBlockingSelector$KeyReference done
Event: 18.030 loading class org/apache/tomcat/util/net/NioBlockingSelector$BlockPoller$RunnableRemove
Event: 18.030 loading class org/apache/tomcat/util/net/NioBlockingSelector$BlockPoller$RunnableRemove done


Dynamic libraries:
0x00007ff7f7180000 - 0x00007ff7f71b5000 	F:\WORKSPACE\zULU\bin\java.exe
0x00007ff91cce0000 - 0x00007ff91ced0000 	C:\Windows\SYSTEM32\ntdll.dll
0x00007ff91cab0000 - 0x00007ff91cb62000 	C:\Windows\System32\KERNEL32.DLL
0x00007ff919eb0000 - 0x00007ff91a153000 	C:\Windows\System32\KERNELBASE.dll
0x00007ff91c500000 - 0x00007ff91c5a3000 	C:\Windows\System32\ADVAPI32.dll
0x00007ff91bf70000 - 0x00007ff91c00e000 	C:\Windows\System32\msvcrt.dll
0x00007ff91bed0000 - 0x00007ff91bf67000 	C:\Windows\System32\sechost.dll
0x00007ff91bbe0000 - 0x00007ff91bd00000 	C:\Windows\System32\RPCRT4.dll
0x00007ff91c010000 - 0x00007ff91c1a4000 	C:\Windows\System32\USER32.dll
0x00007ff91a530000 - 0x00007ff91a551000 	C:\Windows\System32\win32u.dll
0x00007ff91bdd0000 - 0x00007ff91bdf6000 	C:\Windows\System32\GDI32.dll
0x00007ff91a200000 - 0x00007ff91a394000 	C:\Windows\System32\gdi32full.dll
0x00007ff91a160000 - 0x00007ff91a1fe000 	C:\Windows\System32\msvcp_win.dll
0x00007ff91a3d0000 - 0x00007ff91a4ca000 	C:\Windows\System32\ucrtbase.dll
0x00007ff90bbd0000 - 0x00007ff90be55000 	C:\Windows\WinSxS\amd64_microsoft.windows.common-controls_6595b64144ccf1df_6.0.18362.628_none_e6c6b62f130d50fc\COMCTL32.dll
0x00007ff91b6f0000 - 0x00007ff91ba26000 	C:\Windows\System32\combase.dll
0x00007ff919ce0000 - 0x00007ff919d60000 	C:\Windows\System32\bcryptPrimitives.dll
0x00007ff91c1c0000 - 0x00007ff91c1ee000 	C:\Windows\System32\IMM32.DLL
0x0000000057620000 - 0x00000000576f2000 	F:\WORKSPACE\zULU\jre\bin\msvcr100.dll
0x0000000056d60000 - 0x000000005761c000 	F:\WORKSPACE\zULU\jre\bin\server\jvm.dll
0x00007ff91c350000 - 0x00007ff91c358000 	C:\Windows\System32\PSAPI.DLL
0x00007ff9080c0000 - 0x00007ff9080c9000 	C:\Windows\SYSTEM32\WSOCK32.dll
0x00007ff917ce0000 - 0x00007ff917d04000 	C:\Windows\SYSTEM32\WINMM.dll
0x00007ff91c430000 - 0x00007ff91c49f000 	C:\Windows\System32\WS2_32.dll
0x00007ff914e30000 - 0x00007ff914e3a000 	C:\Windows\SYSTEM32\VERSION.dll
0x00007ff917bb0000 - 0x00007ff917bdd000 	C:\Windows\SYSTEM32\WINMMBASE.dll
0x00007ff919c70000 - 0x00007ff919cba000 	C:\Windows\System32\cfgmgr32.dll
0x00007ff90f0f0000 - 0x00007ff90f0ff000 	F:\WORKSPACE\zULU\jre\bin\verify.dll
0x00007ff908aa0000 - 0x00007ff908ac9000 	F:\WORKSPACE\zULU\jre\bin\java.dll
0x00007ff908a50000 - 0x00007ff908a73000 	F:\WORKSPACE\zULU\jre\bin\instrument.dll
0x00007ff908a80000 - 0x00007ff908a96000 	F:\WORKSPACE\zULU\jre\bin\zip.dll
0x00007ff91aed0000 - 0x00007ff91b5b5000 	C:\Windows\System32\SHELL32.dll
0x00007ff91b640000 - 0x00007ff91b6e9000 	C:\Windows\System32\shcore.dll
0x00007ff91a610000 - 0x00007ff91ad8f000 	C:\Windows\System32\windows.storage.dll
0x00007ff919bc0000 - 0x00007ff919bdf000 	C:\Windows\System32\profapi.dll
0x00007ff919c20000 - 0x00007ff919c6a000 	C:\Windows\System32\powrprof.dll
0x00007ff919bb0000 - 0x00007ff919bc0000 	C:\Windows\System32\UMPDC.dll
0x00007ff91c4a0000 - 0x00007ff91c4f2000 	C:\Windows\System32\shlwapi.dll
0x00007ff919c00000 - 0x00007ff919c11000 	C:\Windows\System32\kernel.appcore.dll
0x00007ff919cc0000 - 0x00007ff919cd7000 	C:\Windows\System32\cryptsp.dll
0x00007ff908a30000 - 0x00007ff908a4a000 	F:\Program Files (x86)\IntelliJ IDEA Community Edition 2020.1.2\bin\breakgen64.dll
0x00007ff904410000 - 0x00007ff90442a000 	F:\WORKSPACE\zULU\jre\bin\net.dll
0x00007ff9193c0000 - 0x00007ff919427000 	C:\Windows\system32\mswsock.dll
0x00007ff909150000 - 0x00007ff90915d000 	F:\WORKSPACE\zULU\jre\bin\management.dll
0x00007ff907550000 - 0x00007ff907566000 	C:\Windows\system32\napinsp.dll
0x00007ff907030000 - 0x00007ff90704a000 	C:\Windows\system32\pnrpnsp.dll
0x00007ff919110000 - 0x00007ff9191da000 	C:\Windows\SYSTEM32\DNSAPI.dll
0x00007ff91c1b0000 - 0x00007ff91c1b8000 	C:\Windows\System32\NSI.dll
0x00007ff9190d0000 - 0x00007ff91910a000 	C:\Windows\SYSTEM32\IPHLPAPI.DLL
0x00007ff907710000 - 0x00007ff90771e000 	C:\Windows\System32\winrnr.dll
0x00007ff9163a0000 - 0x00007ff9163bc000 	C:\Windows\system32\NLAapi.dll
0x00007ff909520000 - 0x00007ff909535000 	C:\Windows\system32\wshbth.dll
0x00007ff913e40000 - 0x00007ff913e4a000 	C:\Windows\System32\rasadhlp.dll
0x00007ff913640000 - 0x00007ff9136b7000 	C:\Windows\System32\fwpuclnt.dll
0x00007ff91a3a0000 - 0x00007ff91a3c6000 	C:\Windows\System32\bcrypt.dll
0x00007ff902c70000 - 0x00007ff902c81000 	F:\WORKSPACE\zULU\jre\bin\nio.dll
0x00007ff918f30000 - 0x00007ff918f63000 	C:\Windows\system32\rsaenh.dll
0x00007ff919aa0000 - 0x00007ff919ac5000 	C:\Windows\SYSTEM32\USERENV.dll
0x00007ff919590000 - 0x00007ff91959c000 	C:\Windows\SYSTEM32\CRYPTBASE.dll
0x00007ff913dd0000 - 0x00007ff913de6000 	C:\Windows\SYSTEM32\dhcpcsvc6.DLL
0x00007ff913d30000 - 0x00007ff913d4c000 	C:\Windows\SYSTEM32\dhcpcsvc.DLL

VM Arguments:
jvm_args: -javaagent:F:\Program Files (x86)\IntelliJ IDEA Community Edition 2020.1.2\lib\idea_rt.jar=53409:F:\Program Files (x86)\IntelliJ IDEA Community Edition 2020.1.2\bin -Dfile.encoding=UTF-8 
java_command: com.example.Application
java_class_path (initial): F:\WORKSPACE\zULU\jre\lib\charsets.jar;F:\WORKSPACE\zULU\jre\lib\ext\access-bridge-64.jar;F:\WORKSPACE\zULU\jre\lib\ext\cldrdata.jar;F:\WORKSPACE\zULU\jre\lib\ext\dnsns.jar;F:\WORKSPACE\zULU\jre\lib\ext\jaccess.jar;F:\WORKSPACE\zULU\jre\lib\ext\localedata.jar;F:\WORKSPACE\zULU\jre\lib\ext\nashorn.jar;F:\WORKSPACE\zULU\jre\lib\ext\openjsse.jar;F:\WORKSPACE\zULU\jre\lib\ext\sunec.jar;F:\WORKSPACE\zULU\jre\lib\ext\sunjce_provider.jar;F:\WORKSPACE\zULU\jre\lib\ext\sunmscapi.jar;F:\WORKSPACE\zULU\jre\lib\ext\sunpkcs11.jar;F:\WORKSPACE\zULU\jre\lib\ext\zipfs.jar;F:\WORKSPACE\zULU\jre\lib\jce.jar;F:\WORKSPACE\zULU\jre\lib\jfr.jar;F:\WORKSPACE\zULU\jre\lib\jsse.jar;F:\WORKSPACE\zULU\jre\lib\management-agent.jar;F:\WORKSPACE\zULU\jre\lib\resources.jar;F:\WORKSPACE\zULU\jre\lib\rt.jar;C:\Users\Павел\IdeaProjects\com.example.empty\target\classes;C:\Users\Павел\.m2\repository\org\springframework\boot\spring-boot-starter-mustache\2.2.2.RELEASE\spring-boot-starter-mustache-2.2.2.RELEASE.jar;C:\Users\Павел\.m2\repository\org\springframework\boot\spring-boot-starter\2.2.2.RELEASE\spring-boot-starter-2.2.2.RELEASE.jar;C:\Users\Павел\.m2\repository\org\springframework\boot\spring-boot-starter-logging\2.2.2.RELEASE\spring-boot-starter-logging-2.2.2.RELEASE.jar;C:\Users\Павел\.m2\repository\ch\qos\logback\logback-classic\1.2.3\logback-classic-1.2.3.jar;C:\Users\Павел\.m2\repository\ch\qos\logback\logback-core\1.2.3\logback-core-1.2.3.jar;C:\Users\Павел\.m2\repository\org\apache\logging\log4j\log4j-to-slf4j\2.12.1\log4j-to-slf4j-2.12.1.jar;C:\Users\Павел\.m2\repository\org\apache\logging\log4j\log4j-api\2.12.1\log4j-api-2.12.1.jar;C:\Users\Павел\.m2\repository\org\slf4j\jul-to-slf4j\1.7.29\jul-to-slf4j-1.7.29.jar;C:\Users\Павел\.m2\repository\jakarta\annotation\jakarta.annotation-api\1.3.5\jakarta.annotation-api-1.3.5.jar;C:\Users\Павел\.m2\repository\org\yaml\snakeyaml\1.25\snakeyaml-1.25.jar;C:\Users\Павел\.m2\repository\com\samskivert\jmustache\1.15\jmust
Launcher Type: SUN_STANDARD

Environment Variables:
PATH=C:\Program Files (x86)\Common Files\Oracle\Java\javapath;C:\Windows\system32;C:\Windows;C:\Windows\System32\Wbem;C:\Windows\System32\WindowsPowerShell\v1.0\;C:\Program Files (x86)\NVIDIA Corporation\PhysX\Common;C:\Users\Павел\AppData\Local\Microsoft\WindowsApps;
USERNAME=Павел
OS=Windows_NT
PROCESSOR_IDENTIFIER=AMD64 Family 21 Model 2 Stepping 0, AuthenticAMD



---------------  S Y S T E M  ---------------

OS: Windows 10.0 , 64 bit Build 18362 (10.0.18362.329)

CPU:total 6 (initial active 6) (6 cores per cpu, 1 threads per core) family 21 model 2 stepping 0, cmov, cx8, fxsr, mmx, sse, sse2, sse3, ssse3, sse4.1, sse4.2, popcnt, avx, aes, clmul, mmxext, 3dnowpref, lzcnt, sse4a, tsc, tscinvbit, tscinv, bmi1

Memory: 4k page, physical 8351280k(1625752k free), swap 8351280k(4392k free)

vm_info: OpenJDK 64-Bit Server VM (25.252-b14) for windows-amd64 JRE (Zulu 8.46.0.19-CA-win64) (1.8.0_252-b14), built on Apr  4 2020 01:25:30 by "tester" with MS VC++ 10.0 (VS2010)

time: Sat Jul 11 00:01:35 2020
timezone: Беларусь (зима)
elapsed time: 18 seconds (0d 0h 0m 18s)

