#
# There is insufficient memory for the Java Runtime Environment to continue.
# Native memory allocation (malloc) failed to allocate 167376 bytes for Chunk::new
# Possible reasons:
#   The system is out of physical RAM or swap space
#   The process is running with CompressedOops enabled, and the Java Heap may be blocking the growth of the native heap
# Possible solutions:
#   Reduce memory load on the system
#   Increase physical memory or swap space
#   Check if swap backing store is full
#   Decrease Java heap size (-Xmx/-Xms)
#   Decrease number of Java threads
#   Decrease Java thread stack sizes (-Xss)
#   Set larger code cache with -XX:ReservedCodeCacheSize=
#   JVM is running with Unscaled Compressed Oops mode in which the Java heap is
#     placed in the first 4GB address space. The Java Heap base address is the
#     maximum limit for the native heap growth. Please use -XX:HeapBaseMinAddress
#     to set the Java Heap base and to place the Java Heap above 4GB virtual address.
# This output file may be truncated or incomplete.
#
#  Out of Memory Error (allocation.cpp:389), pid=9648, tid=0x000000000000213c
#
# JRE version: OpenJDK Runtime Environment (Zulu 8.46.0.19-CA-win64) (8.0_252-b14) (build 1.8.0_252-b14)
# Java VM: OpenJDK 64-Bit Server VM (25.252-b14 mixed mode windows-amd64 compressed oops)
# Failed to write core dump. Minidumps are not enabled by default on client versions of Windows
#

---------------  T H R E A D  ---------------

Current thread (0x0000000019f7b800):  JavaThread "C2 CompilerThread1" daemon [_thread_in_native, id=8508, stack(0x000000001a470000,0x000000001a570000)]

Stack: [0x000000001a470000,0x000000001a570000]
[error occurred during error reporting (printing stack bounds), id 0xc0000005]

Native frames: (J=compiled Java code, j=interpreted, Vv=VM code, C=native code)


Current CompileTask:
C2:1094002 3361       4       org.springframework.boot.devtools.filewatch.FolderSnapshot::collectFiles (99 bytes)


---------------  P R O C E S S  ---------------

Java Threads: ( => current thread )
  0x000000001dfab000 JavaThread "DestroyJavaVM" [_thread_blocked, id=8892, stack(0x0000000003000000,0x0000000003100000)]
  0x000000001dfb0800 JavaThread "http-nio-8080-Acceptor" daemon [_thread_in_native, id=2776, stack(0x0000000020c70000,0x0000000020d70000)]
  0x000000001dfb0000 JavaThread "http-nio-8080-ClientPoller" daemon [_thread_in_native, id=236, stack(0x0000000020b70000,0x0000000020c70000)]
  0x000000001d3d2800 JavaThread "http-nio-8080-exec-10" daemon [_thread_blocked, id=8100, stack(0x0000000020a70000,0x0000000020b70000)]
  0x000000001d3d2000 JavaThread "http-nio-8080-exec-9" daemon [_thread_blocked, id=2112, stack(0x0000000020970000,0x0000000020a70000)]
  0x000000001d3d1000 JavaThread "http-nio-8080-exec-8" daemon [_thread_blocked, id=8304, stack(0x0000000020870000,0x0000000020970000)]
  0x000000001d3d3800 JavaThread "http-nio-8080-exec-7" daemon [_thread_blocked, id=7240, stack(0x0000000020770000,0x0000000020870000)]
  0x000000001d3d6800 JavaThread "http-nio-8080-exec-6" daemon [_thread_blocked, id=9156, stack(0x0000000020670000,0x0000000020770000)]
  0x000000001d3d6000 JavaThread "http-nio-8080-exec-5" daemon [_thread_blocked, id=8352, stack(0x0000000020570000,0x0000000020670000)]
  0x000000001d3d0800 JavaThread "http-nio-8080-exec-4" daemon [_thread_blocked, id=9424, stack(0x0000000020470000,0x0000000020570000)]
  0x000000001d3d5000 JavaThread "http-nio-8080-exec-3" daemon [_thread_blocked, id=8284, stack(0x0000000020270000,0x0000000020370000)]
  0x000000001d3d7800 JavaThread "http-nio-8080-exec-2" daemon [_thread_blocked, id=1852, stack(0x0000000020170000,0x0000000020270000)]
  0x000000001d3d4000 JavaThread "http-nio-8080-exec-1" daemon [_thread_blocked, id=6812, stack(0x0000000020070000,0x0000000020170000)]
  0x000000001eced000 JavaThread "http-nio-8080-BlockPoller" daemon [_thread_in_native, id=10024, stack(0x000000001ff70000,0x0000000020070000)]
  0x000000001df5d800 JavaThread "Live Reload Server" daemon [_thread_in_native, id=10108, stack(0x000000001fe70000,0x000000001ff70000)]
  0x000000001df4d000 JavaThread "File Watcher" daemon [_thread_blocked, id=9568, stack(0x000000001fd70000,0x000000001fe70000)]
  0x000000001d7ea800 JavaThread "container-0" [_thread_blocked, id=7744, stack(0x000000001fa70000,0x000000001fb70000)]
  0x000000001e74a000 JavaThread "Catalina-utility-2" [_thread_blocked, id=9368, stack(0x000000001f970000,0x000000001fa70000)]
  0x000000001d966800 JavaThread "Catalina-utility-1" [_thread_blocked, id=3836, stack(0x000000001b3c0000,0x000000001b4c0000)]
  0x0000000019f7f000 JavaThread "Service Thread" daemon [_thread_blocked, id=5144, stack(0x000000001a670000,0x000000001a770000)]
  0x0000000019f7c800 JavaThread "C1 CompilerThread2" daemon [_thread_blocked, id=8396, stack(0x000000001a570000,0x000000001a670000)]
=>0x0000000019f7b800 JavaThread "C2 CompilerThread1" daemon [_thread_in_native, id=8508, stack(0x000000001a470000,0x000000001a570000)]
  0x0000000019f7b000 JavaThread "C2 CompilerThread0" daemon [_thread_blocked, id=6404, stack(0x000000001a370000,0x000000001a470000)]
  0x0000000019f55800 JavaThread "Monitor Ctrl-Break" daemon [_thread_in_native, id=4948, stack(0x000000001a270000,0x000000001a370000)]
  0x00000000181f2800 JavaThread "Attach Listener" daemon [_thread_blocked, id=3008, stack(0x0000000019d70000,0x0000000019e70000)]
  0x00000000181f1800 JavaThread "Signal Dispatcher" daemon [_thread_blocked, id=9012, stack(0x0000000019c70000,0x0000000019d70000)]
  0x00000000181d1800 JavaThread "Finalizer" daemon [_thread_blocked, id=3340, stack(0x0000000019a70000,0x0000000019b70000)]
  0x00000000181ca800 JavaThread "Reference Handler" daemon [_thread_blocked, id=9960, stack(0x0000000019970000,0x0000000019a70000)]

Other Threads:
  0x00000000181a7000 VMThread [stack: 0x0000000019870000,0x0000000019970000] [id=10132]
  0x000000001a01f000 WatcherThread [stack: 0x000000001a770000,0x000000001a870000] [id=7868]

VM state:not at safepoint (normal execution)

VM Mutex/Monitor currently owned by a thread: None

heap address: 0x0000000080800000, size: 2040 MB, Compressed Oops mode: 32-bit
Narrow klass base: 0x0000000000000000, Narrow klass shift: 3
Compressed class space size: 1073741824 Address: 0x0000000100000000

Heap:
 PSYoungGen      total 126464K, used 125548K [0x00000000d5800000, 0x00000000de900000, 0x0000000100000000)
  eden space 120320K, 99% used [0x00000000d5800000,0x00000000dccd8fb8,0x00000000dcd80000)
  from space 6144K, 95% used [0x00000000de300000,0x00000000de8c20a8,0x00000000de900000)
  to   space 8704K, 0% used [0x00000000dd800000,0x00000000dd800000,0x00000000de080000)
 ParOldGen       total 47616K, used 5230K [0x0000000080800000, 0x0000000083680000, 0x00000000d5800000)
  object space 47616K, 10% used [0x0000000080800000,0x0000000080d1bac8,0x0000000083680000)
 Metaspace       used 33347K, capacity 35172K, committed 35416K, reserved 1079296K
  class space    used 4314K, capacity 4637K, committed 4736K, reserved 1048576K

Card table byte_map: [0x0000000012790000,0x0000000012b90000] byte_map_base: 0x000000001238c000

Marking Bits: (ParMarkBitMap*) 0x0000000070b3a9c0
 Begin Bits: [0x0000000013440000, 0x0000000015420000)
 End Bits:   [0x0000000015420000, 0x0000000017400000)

Polling page: 0x0000000000ff0000

CodeCache: size=245760Kb used=10213Kb max_used=10840Kb free=235546Kb
 bounds [0x00000000033d0000, 0x0000000003e70000, 0x00000000123d0000]
 total_blobs=3524 nmethods=3101 adapters=335
 compilation: enabled

Compilation events (10 events):
Event: 1025.918 Thread 0x0000000019f7c800 nmethod 3356 0x0000000003628610 code [0x0000000003628760, 0x0000000003628870]
Event: 1053.158 Thread 0x0000000019f7b000 3357   !   4       java.util.AbstractSet::equals (48 bytes)
Event: 1053.160 Thread 0x0000000019f7b000 nmethod 3357 0x0000000003629310 code [0x0000000003629460, 0x0000000003629638]
Event: 1055.165 Thread 0x0000000019f7b800 3358       4       java.util.HashMap::keySet (25 bytes)
Event: 1055.166 Thread 0x0000000019f7b800 nmethod 3358 0x00000000038c8790 code [0x00000000038c88e0, 0x00000000038c89b8]
Event: 1063.576 Thread 0x0000000019f7c800 3359       1       org.apache.catalina.loader.WebappLoader::getClassLoader (5 bytes)
Event: 1063.576 Thread 0x0000000019f7c800 nmethod 3359 0x0000000003698650 code [0x00000000036987a0, 0x00000000036988b0]
Event: 1093.901 Thread 0x0000000019f7b000 3360       4       java.io.File::listFiles (52 bytes)
Event: 1093.903 Thread 0x0000000019f7b800 3361       4       org.springframework.boot.devtools.filewatch.FolderSnapshot::collectFiles (99 bytes)
Event: 1093.908 Thread 0x0000000019f7b000 nmethod 3360 0x0000000003549150 code [0x00000000035492e0, 0x0000000003549758]

GC Heap History (10 events):
Event: 1.312 GC heap before
{Heap before GC invocations=3 (full 0):
 PSYoungGen      total 38400K, used 38373K [0x00000000d5800000, 0x00000000da300000, 0x0000000100000000)
  eden space 33280K, 100% used [0x00000000d5800000,0x00000000d7880000,0x00000000d7880000)
  from space 5120K, 99% used [0x00000000d7d80000,0x00000000d8279728,0x00000000d8280000)
  to   space 5120K, 0% used [0x00000000d7880000,0x00000000d7880000,0x00000000d7d80000)
 ParOldGen       total 87552K, used 164K [0x0000000080800000, 0x0000000085d80000, 0x00000000d5800000)
  object space 87552K, 0% used [0x0000000080800000,0x00000000808291b0,0x0000000085d80000)
 Metaspace       used 15911K, capacity 16446K, committed 16640K, reserved 1062912K
  class space    used 2056K, capacity 2178K, committed 2304K, reserved 1048576K
Event: 1.323 GC heap after
Heap after GC invocations=3 (full 0):
 PSYoungGen      total 38400K, used 5088K [0x00000000d5800000, 0x00000000da300000, 0x0000000100000000)
  eden space 33280K, 0% used [0x00000000d5800000,0x00000000d5800000,0x00000000d7880000)
  from space 5120K, 99% used [0x00000000d7880000,0x00000000d7d78158,0x00000000d7d80000)
  to   space 5120K, 0% used [0x00000000d9e00000,0x00000000d9e00000,0x00000000da300000)
 ParOldGen       total 87552K, used 1534K [0x0000000080800000, 0x0000000085d80000, 0x00000000d5800000)
  object space 87552K, 1% used [0x0000000080800000,0x000000008097fa88,0x0000000085d80000)
 Metaspace       used 15911K, capacity 16446K, committed 16640K, reserved 1062912K
  class space    used 2056K, capacity 2178K, committed 2304K, reserved 1048576K
}
Event: 1.605 GC heap before
{Heap before GC invocations=4 (full 0):
 PSYoungGen      total 38400K, used 38368K [0x00000000d5800000, 0x00000000da300000, 0x0000000100000000)
  eden space 33280K, 100% used [0x00000000d5800000,0x00000000d7880000,0x00000000d7880000)
  from space 5120K, 99% used [0x00000000d7880000,0x00000000d7d78158,0x00000000d7d80000)
  to   space 5120K, 0% used [0x00000000d9e00000,0x00000000d9e00000,0x00000000da300000)
 ParOldGen       total 87552K, used 1534K [0x0000000080800000, 0x0000000085d80000, 0x00000000d5800000)
  object space 87552K, 1% used [0x0000000080800000,0x000000008097fa88,0x0000000085d80000)
 Metaspace       used 20404K, capacity 20988K, committed 21248K, reserved 1067008K
  class space    used 2599K, capacity 2737K, committed 2816K, reserved 1048576K
Event: 1.620 GC heap after
Heap after GC invocations=4 (full 0):
 PSYoungGen      total 71680K, used 5095K [0x00000000d5800000, 0x00000000da300000, 0x0000000100000000)
  eden space 66560K, 0% used [0x00000000d5800000,0x00000000d5800000,0x00000000d9900000)
  from space 5120K, 99% used [0x00000000d9e00000,0x00000000da2f9f90,0x00000000da300000)
  to   space 5120K, 0% used [0x00000000d9900000,0x00000000d9900000,0x00000000d9e00000)
 ParOldGen       total 87552K, used 4908K [0x0000000080800000, 0x0000000085d80000, 0x00000000d5800000)
  object space 87552K, 5% used [0x0000000080800000,0x0000000080ccb150,0x0000000085d80000)
 Metaspace       used 20404K, capacity 20988K, committed 21248K, reserved 1067008K
  class space    used 2599K, capacity 2737K, committed 2816K, reserved 1048576K
}
Event: 1.637 GC heap before
{Heap before GC invocations=5 (full 0):
 PSYoungGen      total 71680K, used 7946K [0x00000000d5800000, 0x00000000da300000, 0x0000000100000000)
  eden space 66560K, 4% used [0x00000000d5800000,0x00000000d5ac89b0,0x00000000d9900000)
  from space 5120K, 99% used [0x00000000d9e00000,0x00000000da2f9f90,0x00000000da300000)
  to   space 5120K, 0% used [0x00000000d9900000,0x00000000d9900000,0x00000000d9e00000)
 ParOldGen       total 87552K, used 4908K [0x0000000080800000, 0x0000000085d80000, 0x00000000d5800000)
  object space 87552K, 5% used [0x0000000080800000,0x0000000080ccb150,0x0000000085d80000)
 Metaspace       used 20553K, capacity 21166K, committed 21248K, reserved 1067008K
  class space    used 2624K, capacity 2772K, committed 2816K, reserved 1048576K
Event: 1.647 GC heap after
Heap after GC invocations=5 (full 0):
 PSYoungGen      total 71680K, used 4848K [0x00000000d5800000, 0x00000000dec00000, 0x0000000100000000)
  eden space 66560K, 0% used [0x00000000d5800000,0x00000000d5800000,0x00000000d9900000)
  from space 5120K, 94% used [0x00000000d9900000,0x00000000d9dbc010,0x00000000d9e00000)
  to   space 9216K, 0% used [0x00000000de300000,0x00000000de300000,0x00000000dec00000)
 ParOldGen       total 87552K, used 4916K [0x0000000080800000, 0x0000000085d80000, 0x00000000d5800000)
  object space 87552K, 5% used [0x0000000080800000,0x0000000080ccd150,0x0000000085d80000)
 Metaspace       used 20553K, capacity 21166K, committed 21248K, reserved 1067008K
  class space    used 2624K, capacity 2772K, committed 2816K, reserved 1048576K
}
Event: 1.647 GC heap before
{Heap before GC invocations=6 (full 1):
 PSYoungGen      total 71680K, used 4848K [0x00000000d5800000, 0x00000000dec00000, 0x0000000100000000)
  eden space 66560K, 0% used [0x00000000d5800000,0x00000000d5800000,0x00000000d9900000)
  from space 5120K, 94% used [0x00000000d9900000,0x00000000d9dbc010,0x00000000d9e00000)
  to   space 9216K, 0% used [0x00000000de300000,0x00000000de300000,0x00000000dec00000)
 ParOldGen       total 87552K, used 4916K [0x0000000080800000, 0x0000000085d80000, 0x00000000d5800000)
  object space 87552K, 5% used [0x0000000080800000,0x0000000080ccd150,0x0000000085d80000)
 Metaspace       used 20553K, capacity 21166K, committed 21248K, reserved 1067008K
  class space    used 2624K, capacity 2772K, committed 2816K, reserved 1048576K
Event: 1.683 GC heap after
Heap after GC invocations=6 (full 1):
 PSYoungGen      total 71680K, used 0K [0x00000000d5800000, 0x00000000dec00000, 0x0000000100000000)
  eden space 66560K, 0% used [0x00000000d5800000,0x00000000d5800000,0x00000000d9900000)
  from space 5120K, 0% used [0x00000000d9900000,0x00000000d9900000,0x00000000d9e00000)
  to   space 9216K, 0% used [0x00000000de300000,0x00000000de300000,0x00000000dec00000)
 ParOldGen       total 47616K, used 5222K [0x0000000080800000, 0x0000000083680000, 0x00000000d5800000)
  object space 47616K, 10% used [0x0000000080800000,0x0000000080d19ac8,0x0000000083680000)
 Metaspace       used 20551K, capacity 21160K, committed 21248K, reserved 1067008K
  class space    used 2624K, capacity 2771K, committed 2816K, reserved 1048576K
}
Event: 2.628 GC heap before
{Heap before GC invocations=7 (full 1):
 PSYoungGen      total 71680K, used 66560K [0x00000000d5800000, 0x00000000dec00000, 0x0000000100000000)
  eden space 66560K, 100% used [0x00000000d5800000,0x00000000d9900000,0x00000000d9900000)
  from space 5120K, 0% used [0x00000000d9900000,0x00000000d9900000,0x00000000d9e00000)
  to   space 9216K, 0% used [0x00000000de300000,0x00000000de300000,0x00000000dec00000)
 ParOldGen       total 47616K, used 5222K [0x0000000080800000, 0x0000000083680000, 0x00000000d5800000)
  object space 47616K, 10% used [0x0000000080800000,0x0000000080d19ac8,0x0000000083680000)
 Metaspace       used 24525K, capacity 25362K, committed 25472K, reserved 1071104K
  class space    used 3144K, capacity 3355K, committed 3456K, reserved 1048576K
Event: 2.637 GC heap after
Heap after GC invocations=7 (full 1):
 PSYoungGen      total 126464K, used 5896K [0x00000000d5800000, 0x00000000de900000, 0x0000000100000000)
  eden space 120320K, 0% used [0x00000000d5800000,0x00000000d5800000,0x00000000dcd80000)
  from space 6144K, 95% used [0x00000000de300000,0x00000000de8c20a8,0x00000000de900000)
  to   space 8704K, 0% used [0x00000000dd800000,0x00000000dd800000,0x00000000de080000)
 ParOldGen       total 47616K, used 5230K [0x0000000080800000, 0x0000000083680000, 0x00000000d5800000)
  object space 47616K, 10% used [0x0000000080800000,0x0000000080d1bac8,0x0000000083680000)
 Metaspace       used 24525K, capacity 25362K, committed 25472K, reserved 1071104K
  class space    used 3144K, capacity 3355K, committed 3456K, reserved 1048576K
}

Deoptimization events (10 events):
Event: 5.867 Thread 0x000000001df4d000 Uncommon trap: reason=bimorphic action=maybe_recompile pc=0x0000000003db2534 method=java.util.AbstractCollection.containsAll(Ljava/util/Collection;)Z @ 25
Event: 9.295 Thread 0x000000001d3d4000 Uncommon trap: reason=unstable_if action=reinterpret pc=0x0000000003c7e754 method=java.nio.charset.CoderResult.isOverflow()Z @ 5
Event: 9.296 Thread 0x000000001d3d4000 Uncommon trap: reason=unstable_if action=reinterpret pc=0x0000000003a4b894 method=java.lang.CharacterDataLatin1.isWhitespace(I)Z @ 14
Event: 9.296 Thread 0x000000001d3d4000 Uncommon trap: reason=unstable_if action=reinterpret pc=0x00000000036ec67c method=java.lang.CharacterDataLatin1.isWhitespace(I)Z @ 14
Event: 9.528 Thread 0x000000001d3d7800 Uncommon trap: reason=bimorphic action=maybe_recompile pc=0x0000000003aad5e0 method=java.util.concurrent.ConcurrentHashMap.putVal(Ljava/lang/Object;Ljava/lang/Object;Z)Ljava/lang/Object; @ 192
Event: 9.528 Thread 0x000000001d3d7800 Uncommon trap: reason=bimorphic action=maybe_recompile pc=0x0000000003aad5e0 method=java.util.concurrent.ConcurrentHashMap.putVal(Ljava/lang/Object;Ljava/lang/Object;Z)Ljava/lang/Object; @ 192
Event: 9.537 Thread 0x000000001d3d7800 Uncommon trap: reason=bimorphic action=maybe_recompile pc=0x0000000003aad5e0 method=java.util.concurrent.ConcurrentHashMap.putVal(Ljava/lang/Object;Ljava/lang/Object;Z)Ljava/lang/Object; @ 192
Event: 9.537 Thread 0x000000001d3d7800 Uncommon trap: reason=bimorphic action=maybe_recompile pc=0x0000000003aad5e0 method=java.util.concurrent.ConcurrentHashMap.putVal(Ljava/lang/Object;Ljava/lang/Object;Z)Ljava/lang/Object; @ 192
Event: 9.589 Thread 0x000000001d3d7800 Uncommon trap: reason=unstable_if action=reinterpret pc=0x0000000003c69dc0 method=java.nio.Buffer.limit(I)Ljava/nio/Buffer; @ 33
Event: 71.521 Thread 0x000000001dfb0000 Uncommon trap: reason=unstable_if action=reinterpret pc=0x0000000003da61d4 method=java.util.HashMap$HashIterator.<init>(Ljava/util/HashMap;)V @ 45

Classes redefined (0 events):
No events

Internal exceptions (10 events):
Event: 3.554 Thread 0x000000001ab75000 Exception <a 'java/lang/ClassNotFoundException': org/springframework/context/ResourceLoaderAwareCustomizer> (0x00000000d8902e38) thrown at [C:\jenkins\workspace\zulu8-silver-build-win64\zulu-src\hotspot\src\share\vm\classfile\systemDictionary.cpp, line 21
Event: 3.555 Thread 0x000000001ab75000 Exception <a 'java/lang/ClassNotFoundException': org/springframework/beans/factory/AwareCustomizer> (0x00000000d8912bf8) thrown at [C:\jenkins\workspace\zulu8-silver-build-win64\zulu-src\hotspot\src\share\vm\classfile\systemDictionary.cpp, line 215]
Event: 3.555 Thread 0x000000001ab75000 Exception <a 'java/lang/ClassNotFoundException': org/springframework/context/ApplicationContextAwareCustomizer> (0x00000000d8923d58) thrown at [C:\jenkins\workspace\zulu8-silver-build-win64\zulu-src\hotspot\src\share\vm\classfile\systemDictionary.cpp, lin
Event: 3.556 Thread 0x000000001ab75000 Exception <a 'java/lang/ClassNotFoundException': org/springframework/beans/factory/AwareCustomizer> (0x00000000d8934130) thrown at [C:\jenkins\workspace\zulu8-silver-build-win64\zulu-src\hotspot\src\share\vm\classfile\systemDictionary.cpp, line 215]
Event: 3.556 Thread 0x000000001ab75000 Exception <a 'java/lang/ClassNotFoundException': org/springframework/web/context/ServletContextAwareCustomizer> (0x00000000d8945220) thrown at [C:\jenkins\workspace\zulu8-silver-build-win64\zulu-src\hotspot\src\share\vm\classfile\systemDictionary.cpp, lin
Event: 3.557 Thread 0x000000001ab75000 Exception <a 'java/lang/ClassNotFoundException': org/springframework/beans/factory/AwareCustomizer> (0x00000000d8955068) thrown at [C:\jenkins\workspace\zulu8-silver-build-win64\zulu-src\hotspot\src\share\vm\classfile\systemDictionary.cpp, line 215]
Event: 3.557 Thread 0x000000001ab75000 Implicit null exception at 0x0000000003c17c8c to 0x0000000003c17d5d
Event: 3.768 Thread 0x000000001ab75000 Exception <a 'java/lang/IncompatibleClassChangeError': Found class java.lang.Object, but interface was expected> (0x00000000d9715508) thrown at [C:\jenkins\workspace\zulu8-silver-build-win64\zulu-src\hotspot\src\share\vm\interpreter\linkResolver.cpp, line
Event: 9.287 Thread 0x000000001d3d4000 Exception <a 'java/lang/NoSuchMethodError': java.lang.Object.lambda$thenComparing$36697e65$1(Ljava/util/Comparator;Ljava/lang/Object;Ljava/lang/Object;)I> (0x00000000daeb1128) thrown at [C:\jenkins\workspace\zulu8-silver-build-win64\zulu-src\hotspot\src\s
Event: 9.588 Thread 0x000000001d3d7800 Exception <a 'java/io/IOException'> (0x00000000db47de38) thrown at [C:\jenkins\workspace\zulu8-silver-build-win64\zulu-src\hotspot\src\share\vm\prims\jni.cpp, line 711]

Events (10 events):
Event: 1063.576 Thread 0x0000000019f7c800 flushing nmethod 0x0000000003520f90
Event: 1063.577 Thread 0x0000000019f7c800 flushing nmethod 0x000000000353d050
Event: 1093.908 Thread 0x0000000019f7b000 flushing nmethod 0x0000000003549b50
Event: 1093.908 Thread 0x0000000019f7b000 flushing nmethod 0x0000000003557f90
Event: 1093.908 Thread 0x0000000019f7b000 flushing nmethod 0x0000000003569190
Event: 1093.908 Thread 0x0000000019f7b000 flushing nmethod 0x000000000356ce10
Event: 1093.909 Thread 0x0000000019f7b000 flushing nmethod 0x0000000003592710
Event: 1093.909 Thread 0x0000000019f7b000 flushing nmethod 0x000000000359cf90
Event: 1093.909 Thread 0x0000000019f7b000 flushing nmethod 0x00000000035b1410
Event: 1093.909 Thread 0x0000000019f7b000 flushing nmethod 0x00000000035b6510


Dynamic libraries:
0x00007ff69f060000 - 0x00007ff69f095000 	F:\WORKSPACE\zULU\bin\java.exe
0x00007ffc320e0000 - 0x00007ffc322d0000 	C:\Windows\SYSTEM32\ntdll.dll
0x00007ffc30260000 - 0x00007ffc30312000 	C:\Windows\System32\KERNEL32.DLL
0x00007ffc2f260000 - 0x00007ffc2f503000 	C:\Windows\System32\KERNELBASE.dll
0x00007ffc30330000 - 0x00007ffc303d3000 	C:\Windows\System32\ADVAPI32.dll
0x00007ffc311a0000 - 0x00007ffc3123e000 	C:\Windows\System32\msvcrt.dll
0x00007ffc31620000 - 0x00007ffc316b7000 	C:\Windows\System32\sechost.dll
0x00007ffc31500000 - 0x00007ffc31620000 	C:\Windows\System32\RPCRT4.dll
0x00007ffc31770000 - 0x00007ffc31904000 	C:\Windows\System32\USER32.dll
0x00007ffc2f160000 - 0x00007ffc2f181000 	C:\Windows\System32\win32u.dll
0x00007ffc30ae0000 - 0x00007ffc30b06000 	C:\Windows\System32\GDI32.dll
0x00007ffc2fea0000 - 0x00007ffc30034000 	C:\Windows\System32\gdi32full.dll
0x00007ffc2f070000 - 0x00007ffc2f10e000 	C:\Windows\System32\msvcp_win.dll
0x00007ffc2fd40000 - 0x00007ffc2fe3a000 	C:\Windows\System32\ucrtbase.dll
0x00007ffc1eea0000 - 0x00007ffc1f125000 	C:\Windows\WinSxS\amd64_microsoft.windows.common-controls_6595b64144ccf1df_6.0.18362.628_none_e6c6b62f130d50fc\COMCTL32.dll
0x00007ffc30e60000 - 0x00007ffc31196000 	C:\Windows\System32\combase.dll
0x00007ffc2f190000 - 0x00007ffc2f210000 	C:\Windows\System32\bcryptPrimitives.dll
0x00007ffc30e30000 - 0x00007ffc30e5e000 	C:\Windows\System32\IMM32.DLL
0x0000000070bc0000 - 0x0000000070c92000 	F:\WORKSPACE\zULU\jre\bin\msvcr100.dll
0x0000000070300000 - 0x0000000070bbc000 	F:\WORKSPACE\zULU\jre\bin\server\jvm.dll
0x00007ffc31910000 - 0x00007ffc31918000 	C:\Windows\System32\PSAPI.DLL
0x00007ffc2d130000 - 0x00007ffc2d154000 	C:\Windows\SYSTEM32\WINMM.dll
0x00007ffc2a810000 - 0x00007ffc2a81a000 	C:\Windows\SYSTEM32\VERSION.dll
0x00007ffc24570000 - 0x00007ffc24579000 	C:\Windows\SYSTEM32\WSOCK32.dll
0x00007ffc31410000 - 0x00007ffc3147f000 	C:\Windows\System32\WS2_32.dll
0x00007ffc2cfd0000 - 0x00007ffc2cffd000 	C:\Windows\SYSTEM32\winmmbase.dll
0x00007ffc2f210000 - 0x00007ffc2f25a000 	C:\Windows\System32\cfgmgr32.dll
0x00007ffc246d0000 - 0x00007ffc246df000 	F:\WORKSPACE\zULU\jre\bin\verify.dll
0x00007ffc245a0000 - 0x00007ffc245c9000 	F:\WORKSPACE\zULU\jre\bin\java.dll
0x00007ffc19950000 - 0x00007ffc19973000 	F:\WORKSPACE\zULU\jre\bin\instrument.dll
0x00007ffc1c340000 - 0x00007ffc1c356000 	F:\WORKSPACE\zULU\jre\bin\zip.dll
0x00007ffc303e0000 - 0x00007ffc30ac5000 	C:\Windows\System32\SHELL32.dll
0x00007ffc316c0000 - 0x00007ffc31769000 	C:\Windows\System32\shcore.dll
0x00007ffc2f5c0000 - 0x00007ffc2fd3f000 	C:\Windows\System32\windows.storage.dll
0x00007ffc2f050000 - 0x00007ffc2f06f000 	C:\Windows\System32\profapi.dll
0x00007ffc2f000000 - 0x00007ffc2f04a000 	C:\Windows\System32\powrprof.dll
0x00007ffc2efb0000 - 0x00007ffc2efc0000 	C:\Windows\System32\UMPDC.dll
0x00007ffc31f70000 - 0x00007ffc31fc2000 	C:\Windows\System32\shlwapi.dll
0x00007ffc2efc0000 - 0x00007ffc2efd1000 	C:\Windows\System32\kernel.appcore.dll
0x00007ffc2f110000 - 0x00007ffc2f127000 	C:\Windows\System32\cryptsp.dll
0x00007ffc197a0000 - 0x00007ffc197ba000 	F:\Program Files (x86)\IntelliJ IDEA Community Edition 2020.1.2\bin\breakgen64.dll
0x00007ffc18330000 - 0x00007ffc1834a000 	F:\WORKSPACE\zULU\jre\bin\net.dll
0x00007ffc2e7c0000 - 0x00007ffc2e827000 	C:\Windows\system32\mswsock.dll
0x00007ffc246c0000 - 0x00007ffc246cd000 	F:\WORKSPACE\zULU\jre\bin\management.dll
0x00007ffc298d0000 - 0x00007ffc298e6000 	C:\Windows\system32\napinsp.dll
0x00007ffc24720000 - 0x00007ffc2473a000 	C:\Windows\system32\pnrpnsp.dll
0x00007ffc2e510000 - 0x00007ffc2e5da000 	C:\Windows\SYSTEM32\DNSAPI.dll
0x00007ffc30ad0000 - 0x00007ffc30ad8000 	C:\Windows\System32\NSI.dll
0x00007ffc2e4d0000 - 0x00007ffc2e50a000 	C:\Windows\SYSTEM32\IPHLPAPI.DLL
0x00007ffc246e0000 - 0x00007ffc246ee000 	C:\Windows\System32\winrnr.dll
0x00007ffc2b8d0000 - 0x00007ffc2b8ec000 	C:\Windows\system32\NLAapi.dll
0x00007ffc20050000 - 0x00007ffc20065000 	C:\Windows\system32\wshbth.dll
0x00007ffc277f0000 - 0x00007ffc277fa000 	C:\Windows\System32\rasadhlp.dll
0x00007ffc291b0000 - 0x00007ffc29227000 	C:\Windows\System32\fwpuclnt.dll
0x00007ffc2f130000 - 0x00007ffc2f156000 	C:\Windows\System32\bcrypt.dll
0x00007ffc18310000 - 0x00007ffc18321000 	F:\WORKSPACE\zULU\jre\bin\nio.dll
0x00007ffc2e330000 - 0x00007ffc2e363000 	C:\Windows\system32\rsaenh.dll
0x00007ffc2eea0000 - 0x00007ffc2eec5000 	C:\Windows\SYSTEM32\USERENV.dll
0x00007ffc2e990000 - 0x00007ffc2e99c000 	C:\Windows\SYSTEM32\CRYPTBASE.dll
0x00007ffc29ca0000 - 0x00007ffc29cb6000 	C:\Windows\SYSTEM32\dhcpcsvc6.DLL
0x00007ffc297e0000 - 0x00007ffc297fc000 	C:\Windows\SYSTEM32\dhcpcsvc.DLL

VM Arguments:
jvm_args: -javaagent:F:\Program Files (x86)\IntelliJ IDEA Community Edition 2020.1.2\lib\idea_rt.jar=51024:F:\Program Files (x86)\IntelliJ IDEA Community Edition 2020.1.2\bin -Dfile.encoding=UTF-8 
java_command: com.example.Application
java_class_path (initial): F:\WORKSPACE\zULU\jre\lib\charsets.jar;F:\WORKSPACE\zULU\jre\lib\ext\access-bridge-64.jar;F:\WORKSPACE\zULU\jre\lib\ext\cldrdata.jar;F:\WORKSPACE\zULU\jre\lib\ext\dnsns.jar;F:\WORKSPACE\zULU\jre\lib\ext\jaccess.jar;F:\WORKSPACE\zULU\jre\lib\ext\localedata.jar;F:\WORKSPACE\zULU\jre\lib\ext\nashorn.jar;F:\WORKSPACE\zULU\jre\lib\ext\openjsse.jar;F:\WORKSPACE\zULU\jre\lib\ext\sunec.jar;F:\WORKSPACE\zULU\jre\lib\ext\sunjce_provider.jar;F:\WORKSPACE\zULU\jre\lib\ext\sunmscapi.jar;F:\WORKSPACE\zULU\jre\lib\ext\sunpkcs11.jar;F:\WORKSPACE\zULU\jre\lib\ext\zipfs.jar;F:\WORKSPACE\zULU\jre\lib\jce.jar;F:\WORKSPACE\zULU\jre\lib\jfr.jar;F:\WORKSPACE\zULU\jre\lib\jsse.jar;F:\WORKSPACE\zULU\jre\lib\management-agent.jar;F:\WORKSPACE\zULU\jre\lib\resources.jar;F:\WORKSPACE\zULU\jre\lib\rt.jar;C:\Users\Павел\IdeaProjects\com.example.empty\target\classes;C:\Users\Павел\.m2\repository\org\springframework\boot\spring-boot-starter-mustache\2.2.2.RELEASE\spring-boot-starter-mustache-2.2.2.RELEASE.jar;C:\Users\Павел\.m2\repository\org\springframework\boot\spring-boot-starter\2.2.2.RELEASE\spring-boot-starter-2.2.2.RELEASE.jar;C:\Users\Павел\.m2\repository\org\springframework\boot\spring-boot-starter-logging\2.2.2.RELEASE\spring-boot-starter-logging-2.2.2.RELEASE.jar;C:\Users\Павел\.m2\repository\ch\qos\logback\logback-classic\1.2.3\logback-classic-1.2.3.jar;C:\Users\Павел\.m2\repository\ch\qos\logback\logback-core\1.2.3\logback-core-1.2.3.jar;C:\Users\Павел\.m2\repository\org\apache\logging\log4j\log4j-to-slf4j\2.12.1\log4j-to-slf4j-2.12.1.jar;C:\Users\Павел\.m2\repository\org\apache\logging\log4j\log4j-api\2.12.1\log4j-api-2.12.1.jar;C:\Users\Павел\.m2\repository\org\slf4j\jul-to-slf4j\1.7.29\jul-to-slf4j-1.7.29.jar;C:\Users\Павел\.m2\repository\jakarta\annotation\jakarta.annotation-api\1.3.5\jakarta.annotation-api-1.3.5.jar;C:\Users\Павел\.m2\repository\org\yaml\snakeyaml\1.25\snakeyaml-1.25.jar;C:\Users\Павел\.m2\repository\com\samskivert\jmustache\1.15\jmust
Launcher Type: SUN_STANDARD

Environment Variables:
PATH=C:\Program Files (x86)\Common Files\Oracle\Java\javapath;C:\Windows\system32;C:\Windows;C:\Windows\System32\Wbem;C:\Windows\System32\WindowsPowerShell\v1.0\;C:\Program Files (x86)\NVIDIA Corporation\PhysX\Common;C:\Users\Павел\AppData\Local\Microsoft\WindowsApps;
USERNAME=Павел
OS=Windows_NT
PROCESSOR_IDENTIFIER=AMD64 Family 21 Model 2 Stepping 0, AuthenticAMD



---------------  S Y S T E M  ---------------

OS: Windows 10.0 , 64 bit Build 18362 (10.0.18362.329)

CPU:total 6 (initial active 6) (6 cores per cpu, 1 threads per core) family 21 model 2 stepping 0, cmov, cx8, fxsr, mmx, sse, sse2, sse3, ssse3, sse4.1, sse4.2, popcnt, avx, aes, clmul, mmxext, 3dnowpref, lzcnt, sse4a, tsc, tscinvbit, tscinv, bmi1

Memory: 4k page, physical 8351280k(864084k free), swap 8351280k(5164k free)

vm_info: OpenJDK 64-Bit Server VM (25.252-b14) for windows-amd64 JRE (Zulu 8.46.0.19-CA-win64) (1.8.0_252-b14), built on Apr  4 2020 01:25:30 by "tester" with MS VC++ 10.0 (VS2010)

time: Fri Jul 10 22:33:32 2020
timezone: Беларусь (зима)
elapsed time: 1094 seconds (0d 0h 18m 14s)

